<?xml version="1.0" encoding="UTF-8"?>
<testsuite xmlns:xsi="http://www.w3.org/2001/XMLSchema-instance" xsi:noNamespaceSchemaLocation="https://maven.apache.org/surefire/maven-surefire-plugin/xsd/surefire-test-report.xsd" name="TestSuite" time="16.456" tests="15" errors="0" skipped="0" failures="3">
  <properties>
[...]
</properties>
  <testcase name="getweatherDetails" classname="RestAssuredAPITesting.RestAssuredAPITesting.TC001_GET_Request" time="6.802"/>
  <testcase name="RegistrationSuccessful" classname="RestAssuredAPITesting.RestAssuredAPITesting.TC002_POST_Request" time="1.578">
    <failure message="expected:&lt;200&gt; but was:&lt;429&gt;" type="java.lang.AssertionError"><![CDATA[java.lang.AssertionError: expected:<200> but was:<429>
	at RestAssuredAPITesting.RestAssuredAPITesting.TC002_POST_Request.RegistrationSuccessful(TC002_POST_Request.java:41)
]]></failure>
    <system-out><![CDATA[{"status":"success","data":{"UserName":"Dikshitbang","Email":"Dikshitbang@gmail.com","FirstName":"Dikshit","LastName":"Bangera","Password":"Dikshit123@","id":8724},"message":"Successfully! Record has been added."}
]]></system-out>
  </testcase>
  <testcase name="googleMapTest" classname="RestAssuredAPITesting.RestAssuredAPITesting.TC003_GET_Request" time="1.672">
    <failure message="Failed to parse the JSON document" type="io.restassured.path.json.exception.JsonPathException"><![CDATA[io.restassured.path.json.exception.JsonPathException: Failed to parse the JSON document
	at RestAssuredAPITesting.RestAssuredAPITesting.TC003_GET_Request.googleMapTest(TC003_GET_Request.java:54)
Caused by: groovy.json.JsonException: Lexing failed on line: 1, column: 1, while reading '<', no possible valid JSON value or punctuation could be recognized.
	at RestAssuredAPITesting.RestAssuredAPITesting.TC003_GET_Request.googleMapTest(TC003_GET_Request.java:54)
]]></failure>
    <system-out><![CDATA[Response Body is <?xml version="1.0" encoding="UTF-8"?>
<PlaceSearchResponse>
 <status>REQUEST_DENIED</status>
 <error_message>The provided API key is invalid.</error_message>
</PlaceSearchResponse>

The content encoding is gzip
The content Type is application/xml; charset=UTF-8
Content-Type     application/xml; charset=UTF-8
Date     Sun, 18 Oct 2020 16:13:51 GMT
Pragma     no-cache
Expires     Fri, 01 Jan 1990 00:00:00 GMT
Cache-Control     no-cache, must-revalidate
Vary     Accept-Language
Content-Encoding     gzip
Server     scaffolding on HTTPServer2
X-XSS-Protection     0
X-Frame-Options     SAMEORIGIN
Server-Timing     gfet4t7; dur=207
Alt-Svc     h3-Q050=":443"; ma=2592000,h3-29=":443"; ma=2592000,h3-27=":443"; ma=2592000,h3-T051=":443"; ma=2592000,h3-T050=":443"; ma=2592000,h3-Q046=":443"; ma=2592000,h3-Q043=":443"; ma=2592000,quic=":443"; ma=2592000; v="46,43"
Transfer-Encoding     chunked
]]></system-out>
  </testcase>
  <testcase name="authentication" classname="RestAssuredAPITesting.RestAssuredAPITesting.TC004_GET_Authentication" time="0.187">
    <failure message="No such host is known (restapi.demoqa.com)" type="java.net.UnknownHostException">java.net.UnknownHostException: No such host is known (restapi.demoqa.com)
	at RestAssuredAPITesting.RestAssuredAPITesting.TC004_GET_Authentication.authentication(TC004_GET_Authentication.java:24)
</failure>
  </testcase>
  <testcase name="contentencodingvalidtion" classname="RestAssuredAPITesting.RestAssuredAPITesting.TC005_GET_FrameworkAutomation" time="0"/>
  <testcase name="responsebodyvalidation" classname="RestAssuredAPITesting.RestAssuredAPITesting.TC005_GET_FrameworkAutomation" time="0.016"/>
  <testcase name="responsetimevalidation" classname="RestAssuredAPITesting.RestAssuredAPITesting.TC005_GET_FrameworkAutomation" time="0"/>
  <testcase name="statuscodevalidation" classname="RestAssuredAPITesting.RestAssuredAPITesting.TC005_GET_FrameworkAutomation" time="0"/>
  <testcase name="contentlenght" classname="RestAssuredAPITesting.RestAssuredAPITesting.TC006_GET_EmployeeRecord" time="0"/>
  <testcase name="contenttype" classname="RestAssuredAPITesting.RestAssuredAPITesting.TC006_GET_EmployeeRecord" time="0"/>
  <testcase name="getserver" classname="RestAssuredAPITesting.RestAssuredAPITesting.TC006_GET_EmployeeRecord" time="0"/>
  <testcase name="responsebodyvalidtion" classname="RestAssuredAPITesting.RestAssuredAPITesting.TC006_GET_EmployeeRecord" time="0"/>
  <testcase name="responsetime" classname="RestAssuredAPITesting.RestAssuredAPITesting.TC006_GET_EmployeeRecord" time="0"/>
  <testcase name="getstatusline" classname="RestAssuredAPITesting.RestAssuredAPITesting.TC007_POST_CreateEmployeeRecord" time="0"/>
  <testcase name="responsebodyvalidtion" classname="RestAssuredAPITesting.RestAssuredAPITesting.TC007_POST_CreateEmployeeRecord" time="0"/>
</testsuite>