<?xml version="1.0" encoding="UTF-8"?>
<testng-results ignored="0" total="15" passed="13" failed="2" skipped="0">
  <reporter-output>
  </reporter-output>
  <suite started-at="2020-10-18T20:40:40 IST" name="restassured" finished-at="2020-10-18T20:40:49 IST" duration-ms="9073">
    <groups>
    </groups>
    <test started-at="2020-10-18T20:40:40 IST" name="restassuredapi" finished-at="2020-10-18T20:40:49 IST" duration-ms="9073">
      <class name="RestAssuredAPITesting.RestAssuredAPITesting.TC007_POST_CreateEmployeeRecord">
        <test-method is-config="true" signature="beforetest()[pri:0, instance:RestAssuredAPITesting.RestAssuredAPITesting.TC007_POST_CreateEmployeeRecord@4da4253]" started-at="2020-10-18T20:40:47 IST" name="beforetest" finished-at="2020-10-18T20:40:49 IST" duration-ms="2031" status="PASS">
          <reporter-output>
          </reporter-output>
        </test-method> <!-- beforetest -->
        <test-method signature="responsebodyvalidtion()[pri:0, instance:RestAssuredAPITesting.RestAssuredAPITesting.TC007_POST_CreateEmployeeRecord@4da4253]" started-at="2020-10-18T20:40:49 IST" name="responsebodyvalidtion" finished-at="2020-10-18T20:40:49 IST" duration-ms="0" status="PASS">
          <reporter-output>
          </reporter-output>
        </test-method> <!-- responsebodyvalidtion -->
        <test-method signature="getstatusline()[pri:0, instance:RestAssuredAPITesting.RestAssuredAPITesting.TC007_POST_CreateEmployeeRecord@4da4253]" started-at="2020-10-18T20:40:49 IST" name="getstatusline" finished-at="2020-10-18T20:40:49 IST" duration-ms="0" status="PASS">
          <reporter-output>
          </reporter-output>
        </test-method> <!-- getstatusline -->
      </class> <!-- RestAssuredAPITesting.RestAssuredAPITesting.TC007_POST_CreateEmployeeRecord -->
      <class name="RestAssuredAPITesting.RestAssuredAPITesting.TC002_POST_Request">
        <test-method signature="RegistrationSuccessful()[pri:0, instance:RestAssuredAPITesting.RestAssuredAPITesting.TC002_POST_Request@482bce4f]" started-at="2020-10-18T20:40:45 IST" name="RegistrationSuccessful" finished-at="2020-10-18T20:40:46 IST" duration-ms="1166" status="PASS">
          <reporter-output>
          </reporter-output>
        </test-method> <!-- RegistrationSuccessful -->
      </class> <!-- RestAssuredAPITesting.RestAssuredAPITesting.TC002_POST_Request -->
      <class name="RestAssuredAPITesting.RestAssuredAPITesting.TC001_GET_Request">
        <test-method signature="getweatherDetails()[pri:0, instance:RestAssuredAPITesting.RestAssuredAPITesting.TC001_GET_Request@55b53d44]" started-at="2020-10-18T20:40:41 IST" name="getweatherDetails" finished-at="2020-10-18T20:40:45 IST" duration-ms="3435" status="PASS">
          <reporter-output>
          </reporter-output>
        </test-method> <!-- getweatherDetails -->
      </class> <!-- RestAssuredAPITesting.RestAssuredAPITesting.TC001_GET_Request -->
      <class name="RestAssuredAPITesting.RestAssuredAPITesting.TC006_GET_EmployeeRecord">
        <test-method is-config="true" signature="setup()[pri:0, instance:RestAssuredAPITesting.RestAssuredAPITesting.TC006_GET_EmployeeRecord@865dd6]" started-at="2020-10-18T20:40:47 IST" name="setup" finished-at="2020-10-18T20:40:47 IST" duration-ms="11" status="PASS">
          <reporter-output>
          </reporter-output>
        </test-method> <!-- setup -->
        <test-method is-config="true" signature="beforetest()[pri:0, instance:RestAssuredAPITesting.RestAssuredAPITesting.TC006_GET_EmployeeRecord@865dd6]" started-at="2020-10-18T20:40:47 IST" name="beforetest" finished-at="2020-10-18T20:40:47 IST" duration-ms="78" status="PASS">
          <reporter-output>
          </reporter-output>
        </test-method> <!-- beforetest -->
        <test-method signature="contentlenght()[pri:0, instance:RestAssuredAPITesting.RestAssuredAPITesting.TC006_GET_EmployeeRecord@865dd6]" started-at="2020-10-18T20:40:47 IST" name="contentlenght" finished-at="2020-10-18T20:40:47 IST" duration-ms="0" status="PASS">
          <reporter-output>
          </reporter-output>
        </test-method> <!-- contentlenght -->
        <test-method signature="contenttype()[pri:0, instance:RestAssuredAPITesting.RestAssuredAPITesting.TC006_GET_EmployeeRecord@865dd6]" started-at="2020-10-18T20:40:47 IST" name="contenttype" finished-at="2020-10-18T20:40:47 IST" duration-ms="1" status="PASS">
          <reporter-output>
          </reporter-output>
        </test-method> <!-- contenttype -->
        <test-method signature="getserver()[pri:0, instance:RestAssuredAPITesting.RestAssuredAPITesting.TC006_GET_EmployeeRecord@865dd6]" started-at="2020-10-18T20:40:47 IST" name="getserver" finished-at="2020-10-18T20:40:47 IST" duration-ms="1" status="PASS">
          <reporter-output>
          </reporter-output>
        </test-method> <!-- getserver -->
        <test-method signature="responsebodyvalidtion()[pri:0, instance:RestAssuredAPITesting.RestAssuredAPITesting.TC006_GET_EmployeeRecord@865dd6]" started-at="2020-10-18T20:40:47 IST" name="responsebodyvalidtion" finished-at="2020-10-18T20:40:47 IST" duration-ms="5" status="PASS">
          <reporter-output>
          </reporter-output>
        </test-method> <!-- responsebodyvalidtion -->
        <test-method signature="responsetime()[pri:0, instance:RestAssuredAPITesting.RestAssuredAPITesting.TC006_GET_EmployeeRecord@865dd6]" started-at="2020-10-18T20:40:47 IST" name="responsetime" finished-at="2020-10-18T20:40:47 IST" duration-ms="2" status="PASS">
          <reporter-output>
          </reporter-output>
        </test-method> <!-- responsetime -->
        <test-method is-config="true" signature="teardown()[pri:0, instance:RestAssuredAPITesting.RestAssuredAPITesting.TC006_GET_EmployeeRecord@865dd6]" started-at="2020-10-18T20:40:47 IST" name="teardown" finished-at="2020-10-18T20:40:47 IST" duration-ms="0" status="PASS">
          <reporter-output>
          </reporter-output>
        </test-method> <!-- teardown -->
      </class> <!-- RestAssuredAPITesting.RestAssuredAPITesting.TC006_GET_EmployeeRecord -->
      <class name="RestAssuredAPITesting.RestAssuredAPITesting.TC004_GET_Authentication">
        <test-method signature="authentication()[pri:0, instance:RestAssuredAPITesting.RestAssuredAPITesting.TC004_GET_Authentication@6a6afff2]" started-at="2020-10-18T20:40:47 IST" name="authentication" finished-at="2020-10-18T20:40:47 IST" duration-ms="198" status="FAIL">
          <exception class="java.net.UnknownHostException">
            <message>
              <![CDATA[No such host is known (restapi.demoqa.com)]]>
            </message>
            <full-stacktrace>
              <![CDATA[java.net.UnknownHostException: No such host is known (restapi.demoqa.com)
at java.base/java.net.Inet6AddressImpl.lookupAllHostAddr(Native Method)
at java.base/java.net.InetAddress$PlatformNameService.lookupAllHostAddr(InetAddress.java:929)
at java.base/java.net.InetAddress.getAddressesFromNameService(InetAddress.java:1515)
at java.base/java.net.InetAddress$NameServiceAddresses.get(InetAddress.java:848)
at java.base/java.net.InetAddress.getAllByName0(InetAddress.java:1505)
at java.base/java.net.InetAddress.getAllByName(InetAddress.java:1364)
at java.base/java.net.InetAddress.getAllByName(InetAddress.java:1298)
at org.apache.http.impl.conn.SystemDefaultDnsResolver.resolve(SystemDefaultDnsResolver.java:45)
at org.apache.http.impl.conn.DefaultClientConnectionOperator.resolveHostname(DefaultClientConnectionOperator.java:263)
at org.apache.http.impl.conn.DefaultClientConnectionOperator.openConnection(DefaultClientConnectionOperator.java:162)
at org.apache.http.impl.conn.ManagedClientConnectionImpl.open(ManagedClientConnectionImpl.java:326)
at org.apache.http.impl.client.DefaultRequestDirector.tryConnect(DefaultRequestDirector.java:610)
at org.apache.http.impl.client.DefaultRequestDirector.execute(DefaultRequestDirector.java:445)
at org.apache.http.impl.client.AbstractHttpClient.doExecute(AbstractHttpClient.java:835)
at org.apache.http.impl.client.CloseableHttpClient.execute(CloseableHttpClient.java:83)
at org.apache.http.impl.client.CloseableHttpClient.execute(CloseableHttpClient.java:56)
at org.apache.http.client.HttpClient$execute$0.call(Unknown Source)
at io.restassured.internal.RequestSpecificationImpl$RestAssuredHttpBuilder.doRequest(RequestSpecificationImpl.groovy:2055)
at io.restassured.internal.http.HTTPBuilder.doRequest(HTTPBuilder.java:495)
at io.restassured.internal.http.HTTPBuilder.request(HTTPBuilder.java:452)
at io.restassured.internal.http.HTTPBuilder$request$2.call(Unknown Source)
at io.restassured.internal.RequestSpecificationImpl.sendHttpRequest(RequestSpecificationImpl.groovy:1451)
at java.base/jdk.internal.reflect.NativeMethodAccessorImpl.invoke0(Native Method)
at java.base/jdk.internal.reflect.NativeMethodAccessorImpl.invoke(NativeMethodAccessorImpl.java:62)
at java.base/jdk.internal.reflect.DelegatingMethodAccessorImpl.invoke(DelegatingMethodAccessorImpl.java:43)
at java.base/java.lang.reflect.Method.invoke(Method.java:566)
at org.codehaus.groovy.reflection.CachedMethod.invoke(CachedMethod.java:107)
at groovy.lang.MetaMethod.doMethodInvoke(MetaMethod.java:323)
at groovy.lang.MetaClassImpl.invokeMethod(MetaClassImpl.java:1262)
at groovy.lang.MetaClassImpl.invokeMethod(MetaClassImpl.java:1029)
at groovy.lang.MetaClassImpl.invokeMethod(MetaClassImpl.java:816)
at groovy.lang.GroovyObject.invokeMethod(GroovyObject.java:39)
at org.codehaus.groovy.runtime.callsite.PogoInterceptableSite.call(PogoInterceptableSite.java:45)
at org.codehaus.groovy.runtime.callsite.PogoInterceptableSite.callCurrent(PogoInterceptableSite.java:55)
at io.restassured.internal.RequestSpecificationImpl.sendRequest(RequestSpecificationImpl.groovy:1200)
at java.base/jdk.internal.reflect.NativeMethodAccessorImpl.invoke0(Native Method)
at java.base/jdk.internal.reflect.NativeMethodAccessorImpl.invoke(NativeMethodAccessorImpl.java:62)
at java.base/jdk.internal.reflect.DelegatingMethodAccessorImpl.invoke(DelegatingMethodAccessorImpl.java:43)
at java.base/java.lang.reflect.Method.invoke(Method.java:566)
at org.codehaus.groovy.reflection.CachedMethod.invoke(CachedMethod.java:107)
at groovy.lang.MetaMethod.doMethodInvoke(MetaMethod.java:323)
at groovy.lang.MetaClassImpl.invokeMethod(MetaClassImpl.java:1262)
at groovy.lang.MetaClassImpl.invokeMethod(MetaClassImpl.java:1029)
at groovy.lang.MetaClassImpl.invokeMethod(MetaClassImpl.java:816)
at groovy.lang.GroovyObject.invokeMethod(GroovyObject.java:39)
at org.codehaus.groovy.runtime.callsite.PogoInterceptableSite.call(PogoInterceptableSite.java:45)
at org.codehaus.groovy.runtime.callsite.AbstractCallSite.call(AbstractCallSite.java:166)
at io.restassured.internal.filter.SendRequestFilter.filter(SendRequestFilter.groovy:30)
at io.restassured.filter.Filter$filter$0.call(Unknown Source)
at org.codehaus.groovy.runtime.callsite.CallSiteArray.defaultCall(CallSiteArray.java:47)
at io.restassured.filter.Filter$filter.call(Unknown Source)
at io.restassured.internal.filter.FilterContextImpl.next(FilterContextImpl.groovy:72)
at io.restassured.filter.time.TimingFilter.filter(TimingFilter.java:56)
at io.restassured.filter.Filter$filter.call(Unknown Source)
at org.codehaus.groovy.runtime.callsite.CallSiteArray.defaultCall(CallSiteArray.java:47)
at io.restassured.filter.Filter$filter$0.call(Unknown Source)
at io.restassured.internal.filter.FilterContextImpl.next(FilterContextImpl.groovy:72)
at io.restassured.filter.FilterContext$next.call(Unknown Source)
at io.restassured.internal.RequestSpecificationImpl.applyPathParamsAndSendRequest(RequestSpecificationImpl.groovy:1655)
at java.base/jdk.internal.reflect.NativeMethodAccessorImpl.invoke0(Native Method)
at java.base/jdk.internal.reflect.NativeMethodAccessorImpl.invoke(NativeMethodAccessorImpl.java:62)
at java.base/jdk.internal.reflect.DelegatingMethodAccessorImpl.invoke(DelegatingMethodAccessorImpl.java:43)
at java.base/java.lang.reflect.Method.invoke(Method.java:566)
at org.codehaus.groovy.reflection.CachedMethod.invoke(CachedMethod.java:107)
at groovy.lang.MetaMethod.doMethodInvoke(MetaMethod.java:323)
at groovy.lang.MetaClassImpl.invokeMethod(MetaClassImpl.java:1262)
at groovy.lang.MetaClassImpl.invokeMethod(MetaClassImpl.java:1029)
at groovy.lang.MetaClassImpl.invokeMethod(MetaClassImpl.java:816)
at groovy.lang.GroovyObject.invokeMethod(GroovyObject.java:39)
at org.codehaus.groovy.runtime.callsite.PogoInterceptableSite.call(PogoInterceptableSite.java:45)
at org.codehaus.groovy.runtime.callsite.PogoInterceptableSite.callCurrent(PogoInterceptableSite.java:55)
at org.codehaus.groovy.runtime.callsite.AbstractCallSite.callCurrent(AbstractCallSite.java:203)
at io.restassured.internal.RequestSpecificationImpl.request(RequestSpecificationImpl.groovy:295)
at io.restassured.internal.RequestSpecificationImpl.request(RequestSpecificationImpl.groovy)
at java.base/jdk.internal.reflect.NativeMethodAccessorImpl.invoke0(Native Method)
at java.base/jdk.internal.reflect.NativeMethodAccessorImpl.invoke(NativeMethodAccessorImpl.java:62)
at java.base/jdk.internal.reflect.DelegatingMethodAccessorImpl.invoke(DelegatingMethodAccessorImpl.java:43)
at java.base/java.lang.reflect.Method.invoke(Method.java:566)
at org.codehaus.groovy.reflection.CachedMethod.invoke(CachedMethod.java:107)
at groovy.lang.MetaMethod.doMethodInvoke(MetaMethod.java:323)
at groovy.lang.MetaClassImpl.invokeMethod(MetaClassImpl.java:1262)
at groovy.lang.MetaClassImpl.invokeMethod(MetaClassImpl.java:1029)
at groovy.lang.MetaClassImpl.invokeMethod(MetaClassImpl.java:816)
at groovy.lang.GroovyObject.invokeMethod(GroovyObject.java:39)
at org.codehaus.groovy.runtime.callsite.PogoInterceptableSite.call(PogoInterceptableSite.java:45)
at org.codehaus.groovy.runtime.callsite.PogoInterceptableSite.callCurrent(PogoInterceptableSite.java:55)
at org.codehaus.groovy.runtime.callsite.AbstractCallSite.callCurrent(AbstractCallSite.java:203)
at io.restassured.internal.RequestSpecificationImpl.request(RequestSpecificationImpl.groovy:291)
at io.restassured.internal.RequestSpecificationImpl.request(RequestSpecificationImpl.groovy)
at RestAssuredAPITesting.RestAssuredAPITesting.TC004_GET_Authentication.authentication(TC004_GET_Authentication.java:24)
at java.base/jdk.internal.reflect.NativeMethodAccessorImpl.invoke0(Native Method)
at java.base/jdk.internal.reflect.NativeMethodAccessorImpl.invoke(NativeMethodAccessorImpl.java:62)
at java.base/jdk.internal.reflect.DelegatingMethodAccessorImpl.invoke(DelegatingMethodAccessorImpl.java:43)
at java.base/java.lang.reflect.Method.invoke(Method.java:566)
at org.testng.internal.MethodInvocationHelper.invokeMethod(MethodInvocationHelper.java:132)
at org.testng.internal.TestInvoker.invokeMethod(TestInvoker.java:599)
at org.testng.internal.TestInvoker.invokeTestMethod(TestInvoker.java:174)
at org.testng.internal.MethodRunner.runInSequence(MethodRunner.java:46)
at org.testng.internal.TestInvoker$MethodInvocationAgent.invoke(TestInvoker.java:822)
at org.testng.internal.TestInvoker.invokeTestMethods(TestInvoker.java:147)
at org.testng.internal.TestMethodWorker.invokeTestMethods(TestMethodWorker.java:146)
at org.testng.internal.TestMethodWorker.run(TestMethodWorker.java:128)
at java.base/java.util.ArrayList.forEach(ArrayList.java:1540)
at org.testng.TestRunner.privateRun(TestRunner.java:764)
at org.testng.TestRunner.run(TestRunner.java:585)
at org.testng.SuiteRunner.runTest(SuiteRunner.java:384)
at org.testng.SuiteRunner.runSequentially(SuiteRunner.java:378)
at org.testng.SuiteRunner.privateRun(SuiteRunner.java:337)
at org.testng.SuiteRunner.run(SuiteRunner.java:286)
at org.testng.SuiteRunnerWorker.runSuite(SuiteRunnerWorker.java:53)
at org.testng.SuiteRunnerWorker.run(SuiteRunnerWorker.java:96)
at org.testng.TestNG.runSuitesSequentially(TestNG.java:1218)
at org.testng.TestNG.runSuitesLocally(TestNG.java:1140)
at org.testng.TestNG.runSuites(TestNG.java:1069)
at org.testng.TestNG.run(TestNG.java:1037)
at org.testng.remote.AbstractRemoteTestNG.run(AbstractRemoteTestNG.java:115)
at org.testng.remote.RemoteTestNG.initAndRun(RemoteTestNG.java:251)
at org.testng.remote.RemoteTestNG.main(RemoteTestNG.java:77)
]]>
            </full-stacktrace>
          </exception> <!-- java.net.UnknownHostException -->
          <reporter-output>
          </reporter-output>
        </test-method> <!-- authentication -->
      </class> <!-- RestAssuredAPITesting.RestAssuredAPITesting.TC004_GET_Authentication -->
      <class name="RestAssuredAPITesting.RestAssuredAPITesting.TC005_GET_FrameworkAutomation">
        <test-method is-config="true" signature="setup()[pri:0, instance:RestAssuredAPITesting.RestAssuredAPITesting.TC005_GET_FrameworkAutomation@1649b0e6]" started-at="2020-10-18T20:40:47 IST" name="setup" finished-at="2020-10-18T20:40:47 IST" duration-ms="47" status="PASS">
          <reporter-output>
          </reporter-output>
        </test-method> <!-- setup -->
        <test-method is-config="true" signature="beforeTest()[pri:0, instance:RestAssuredAPITesting.RestAssuredAPITesting.TC005_GET_FrameworkAutomation@1649b0e6]" started-at="2020-10-18T20:40:47 IST" name="beforeTest" finished-at="2020-10-18T20:40:47 IST" duration-ms="93" status="PASS">
          <reporter-output>
          </reporter-output>
        </test-method> <!-- beforeTest -->
        <test-method signature="contentencodingvalidtion()[pri:0, instance:RestAssuredAPITesting.RestAssuredAPITesting.TC005_GET_FrameworkAutomation@1649b0e6]" started-at="2020-10-18T20:40:47 IST" name="contentencodingvalidtion" finished-at="2020-10-18T20:40:47 IST" duration-ms="0" status="PASS">
          <reporter-output>
          </reporter-output>
        </test-method> <!-- contentencodingvalidtion -->
        <test-method signature="responsebodyvalidation()[pri:0, instance:RestAssuredAPITesting.RestAssuredAPITesting.TC005_GET_FrameworkAutomation@1649b0e6]" started-at="2020-10-18T20:40:47 IST" name="responsebodyvalidation" finished-at="2020-10-18T20:40:47 IST" duration-ms="16" status="PASS">
          <reporter-output>
          </reporter-output>
        </test-method> <!-- responsebodyvalidation -->
        <test-method signature="responsetimevalidation()[pri:0, instance:RestAssuredAPITesting.RestAssuredAPITesting.TC005_GET_FrameworkAutomation@1649b0e6]" started-at="2020-10-18T20:40:47 IST" name="responsetimevalidation" finished-at="2020-10-18T20:40:47 IST" duration-ms="0" status="PASS">
          <reporter-output>
          </reporter-output>
        </test-method> <!-- responsetimevalidation -->
        <test-method signature="statuscodevalidation()[pri:0, instance:RestAssuredAPITesting.RestAssuredAPITesting.TC005_GET_FrameworkAutomation@1649b0e6]" started-at="2020-10-18T20:40:47 IST" name="statuscodevalidation" finished-at="2020-10-18T20:40:47 IST" duration-ms="0" status="PASS">
          <reporter-output>
          </reporter-output>
        </test-method> <!-- statuscodevalidation -->
        <test-method is-config="true" signature="teardown()[pri:0, instance:RestAssuredAPITesting.RestAssuredAPITesting.TC005_GET_FrameworkAutomation@1649b0e6]" started-at="2020-10-18T20:40:47 IST" name="teardown" finished-at="2020-10-18T20:40:47 IST" duration-ms="2" status="PASS">
          <reporter-output>
          </reporter-output>
        </test-method> <!-- teardown -->
      </class> <!-- RestAssuredAPITesting.RestAssuredAPITesting.TC005_GET_FrameworkAutomation -->
      <class name="RestAssuredAPITesting.RestAssuredAPITesting.TC003_GET_Request">
        <test-method signature="googleMapTest()[pri:0, instance:RestAssuredAPITesting.RestAssuredAPITesting.TC003_GET_Request@366647c2]" started-at="2020-10-18T20:40:46 IST" name="googleMapTest" finished-at="2020-10-18T20:40:47 IST" duration-ms="1014" status="FAIL">
          <exception class="io.restassured.path.json.exception.JsonPathException">
            <message>
              <![CDATA[Failed to parse the JSON document]]>
            </message>
            <full-stacktrace>
              <![CDATA[io.restassured.path.json.exception.JsonPathException: Failed to parse the JSON document
at io.restassured.path.json.JsonPath$ExceptionCatcher.invoke(JsonPath.java:1002)
at io.restassured.path.json.JsonPath$4.doParseWith(JsonPath.java:967)
at io.restassured.path.json.JsonPath$JsonParser.parseWith(JsonPath.java:1047)
at io.restassured.path.json.JsonPath.get(JsonPath.java:202)
at RestAssuredAPITesting.RestAssuredAPITesting.TC003_GET_Request.googleMapTest(TC003_GET_Request.java:54)
at java.base/jdk.internal.reflect.NativeMethodAccessorImpl.invoke0(Native Method)
at java.base/jdk.internal.reflect.NativeMethodAccessorImpl.invoke(NativeMethodAccessorImpl.java:62)
at java.base/jdk.internal.reflect.DelegatingMethodAccessorImpl.invoke(DelegatingMethodAccessorImpl.java:43)
at java.base/java.lang.reflect.Method.invoke(Method.java:566)
at org.testng.internal.MethodInvocationHelper.invokeMethod(MethodInvocationHelper.java:132)
at org.testng.internal.TestInvoker.invokeMethod(TestInvoker.java:599)
at org.testng.internal.TestInvoker.invokeTestMethod(TestInvoker.java:174)
at org.testng.internal.MethodRunner.runInSequence(MethodRunner.java:46)
at org.testng.internal.TestInvoker$MethodInvocationAgent.invoke(TestInvoker.java:822)
at org.testng.internal.TestInvoker.invokeTestMethods(TestInvoker.java:147)
at org.testng.internal.TestMethodWorker.invokeTestMethods(TestMethodWorker.java:146)
at org.testng.internal.TestMethodWorker.run(TestMethodWorker.java:128)
at java.base/java.util.ArrayList.forEach(ArrayList.java:1540)
at org.testng.TestRunner.privateRun(TestRunner.java:764)
at org.testng.TestRunner.run(TestRunner.java:585)
at org.testng.SuiteRunner.runTest(SuiteRunner.java:384)
at org.testng.SuiteRunner.runSequentially(SuiteRunner.java:378)
at org.testng.SuiteRunner.privateRun(SuiteRunner.java:337)
at org.testng.SuiteRunner.run(SuiteRunner.java:286)
at org.testng.SuiteRunnerWorker.runSuite(SuiteRunnerWorker.java:53)
at org.testng.SuiteRunnerWorker.run(SuiteRunnerWorker.java:96)
at org.testng.TestNG.runSuitesSequentially(TestNG.java:1218)
at org.testng.TestNG.runSuitesLocally(TestNG.java:1140)
at org.testng.TestNG.runSuites(TestNG.java:1069)
at org.testng.TestNG.run(TestNG.java:1037)
at org.testng.remote.AbstractRemoteTestNG.run(AbstractRemoteTestNG.java:115)
at org.testng.remote.RemoteTestNG.initAndRun(RemoteTestNG.java:251)
at org.testng.remote.RemoteTestNG.main(RemoteTestNG.java:77)
Caused by: groovy.json.JsonException: Lexing failed on line: 1, column: 1, while reading '<', no possible valid JSON value or punctuation could be recognized.
at groovy.json.JsonLexer.nextToken(JsonLexer.java:86)
at groovy.json.JsonLexer$nextToken.call(Unknown Source)
at io.restassured.internal.path.json.ConfigurableJsonSlurper.parse(ConfigurableJsonSlurper.groovy:97)
at io.restassured.internal.path.json.ConfigurableJsonSlurper$parse.callCurrent(Unknown Source)
at io.restassured.internal.path.json.ConfigurableJsonSlurper.parseText(ConfigurableJsonSlurper.groovy:83)
at io.restassured.path.json.JsonPath$4$1.method(JsonPath.java:965)
at io.restassured.path.json.JsonPath$ExceptionCatcher.invoke(JsonPath.java:1000)
... 32 more
]]>
            </full-stacktrace>
          </exception> <!-- io.restassured.path.json.exception.JsonPathException -->
          <reporter-output>
          </reporter-output>
        </test-method> <!-- googleMapTest -->
      </class> <!-- RestAssuredAPITesting.RestAssuredAPITesting.TC003_GET_Request -->
    </test> <!-- restassuredapi -->
  </suite> <!-- restassured -->
</testng-results>
